{
  "stats": {
    "suites": 1,
    "tests": 3,
    "passes": 3,
    "pending": 0,
    "failures": 0,
    "start": "2024-07-10T04:41:40.679Z",
    "end": "2024-07-10T04:41:49.428Z",
    "duration": 8749,
    "testsRegistered": 3,
    "passPercent": 100,
    "pendingPercent": 0,
    "other": 0,
    "hasOther": false,
    "skipped": 0,
    "hasSkipped": false
  },
  "results": [
    {
      "uuid": "4498ebef-b593-4ca0-ae1f-b03ff7a159a6",
      "title": "",
      "fullFile": "cypress/e2e/login.cy.js",
      "file": "cypress/e2e/login.cy.js",
      "beforeHooks": [],
      "afterHooks": [],
      "tests": [],
      "suites": [
        {
          "uuid": "2f4f0504-c2d2-4439-9738-0ea9b6282c1c",
          "title": "SauceDemo Test Suite",
          "fullFile": "",
          "file": "",
          "beforeHooks": [],
          "afterHooks": [],
          "tests": [
            {
              "title": "Valid Login",
              "fullTitle": "SauceDemo Test Suite Valid Login",
              "timedOut": null,
              "duration": 4122,
              "state": "passed",
              "speed": "fast",
              "pass": true,
              "fail": false,
              "pending": false,
              "context": null,
              "code": "cy.get('#user-name').type('standard_user');\ncy.get('#password').type('secret_sauce');\ncy.get('#login-button').click();\ncy.url().should('include', '/inventory.html');",
              "err": {},
              "uuid": "bad0dbc5-ddf3-44f8-906b-619f9445cc10",
              "parentUUID": "2f4f0504-c2d2-4439-9738-0ea9b6282c1c",
              "isHook": false,
              "skipped": false
            },
            {
              "title": "Invalid Login",
              "fullTitle": "SauceDemo Test Suite Invalid Login",
              "timedOut": null,
              "duration": 1560,
              "state": "passed",
              "speed": "fast",
              "pass": true,
              "fail": false,
              "pending": false,
              "context": null,
              "code": "cy.get('#user-name').type('invalid_user');\ncy.get('#password').type('invalid_password');\ncy.get('#login-button').click();\ncy.get('[data-test=\"error\"]').should('contain', 'Username and password do not match any user in this service');",
              "err": {},
              "uuid": "139afef4-cf64-4e81-be16-06771d1a07fd",
              "parentUUID": "2f4f0504-c2d2-4439-9738-0ea9b6282c1c",
              "isHook": false,
              "skipped": false
            },
            {
              "title": "Locked Out User Login",
              "fullTitle": "SauceDemo Test Suite Locked Out User Login",
              "timedOut": null,
              "duration": 1014,
              "state": "passed",
              "speed": "fast",
              "pass": true,
              "fail": false,
              "pending": false,
              "context": null,
              "code": "cy.get('#user-name').type('locked_out_user');\ncy.get('#password').type('secret_sauce');\ncy.get('#login-button').click();\ncy.get('[data-test=\"error\"]').should('contain', 'Sorry, this user has been locked out.');",
              "err": {},
              "uuid": "dc3c8afd-3a22-4e6f-9ba0-1d55c7cdc22d",
              "parentUUID": "2f4f0504-c2d2-4439-9738-0ea9b6282c1c",
              "isHook": false,
              "skipped": false
            }
          ],
          "suites": [],
          "passes": [
            "bad0dbc5-ddf3-44f8-906b-619f9445cc10",
            "139afef4-cf64-4e81-be16-06771d1a07fd",
            "dc3c8afd-3a22-4e6f-9ba0-1d55c7cdc22d"
          ],
          "failures": [],
          "pending": [],
          "skipped": [],
          "duration": 6696,
          "root": false,
          "rootEmpty": false,
          "_timeout": 2000
        }
      ],
      "passes": [],
      "failures": [],
      "pending": [],
      "skipped": [],
      "duration": 0,
      "root": true,
      "rootEmpty": true,
      "_timeout": 2000
    }
  ],
  "meta": {
    "mocha": {
      "version": "7.0.1"
    },
    "mochawesome": {
      "options": {
        "quiet": false,
        "reportFilename": "mochawesome",
        "saveHtml": false,
        "saveJson": true,
        "consoleReporter": "spec",
        "useInlineDiffs": false,
        "code": true
      },
      "version": "7.1.3"
    },
    "marge": {
      "options": {
        "overwrite": false,
        "html": false,
        "json": true,
        "reportDir": "cypress/reports/html/.jsons"
      },
      "version": "6.2.0"
    }
  }
}